{
  "stats": {
    "suites": 1,
    "tests": 1,
    "passes": 1,
    "pending": 0,
    "failures": 0,
    "start": "2025-10-06T17:08:55.151Z",
    "end": "2025-10-06T17:08:59.728Z",
    "duration": 4577,
    "testsRegistered": 1,
    "passPercent": 100,
    "pendingPercent": 0,
    "other": 0,
    "hasOther": false,
    "skipped": 0,
    "hasSkipped": false
  },
  "results": [
    {
      "uuid": "00485818-2f2c-48ce-886e-f775245984b7",
      "title": "",
      "fullFile": "cypress/e2e/news/smoke-news-page.cy.js",
      "file": "cypress/e2e/news/smoke-news-page.cy.js",
      "beforeHooks": [],
      "afterHooks": [],
      "tests": [],
      "suites": [
        {
          "uuid": "8231f946-57b2-4783-bb7c-ca1baf5e77dd",
          "title": "Smoke tests on news page TheVoice",
          "fullFile": "",
          "file": "",
          "beforeHooks": [],
          "afterHooks": [],
          "tests": [
            {
              "title": "deve verificar os principais elementos",
              "fullTitle": "Smoke tests on news page TheVoice deve verificar os principais elementos",
              "timedOut": null,
              "duration": 1384,
              "state": "passed",
              "speed": "fast",
              "pass": true,
              "fail": false,
              "pending": false,
              "context": null,
              "code": "cy.get('[aria-label=\"Novidades\"]').should('be.visible');\n// cy.get('[class=\"border-b border-white/10 pb-6 last:border-0 last:pb-0').should('be.visible');",
              "err": {},
              "uuid": "2ab94312-e349-42d4-809f-ef83afdda8b8",
              "parentUUID": "8231f946-57b2-4783-bb7c-ca1baf5e77dd",
              "isHook": false,
              "skipped": false
            }
          ],
          "suites": [],
          "passes": [
            "2ab94312-e349-42d4-809f-ef83afdda8b8"
          ],
          "failures": [],
          "pending": [],
          "skipped": [],
          "duration": 1384,
          "root": false,
          "rootEmpty": false,
          "_timeout": 2000
        }
      ],
      "passes": [],
      "failures": [],
      "pending": [],
      "skipped": [],
      "duration": 0,
      "root": true,
      "rootEmpty": true,
      "_timeout": 2000
    }
  ],
  "meta": {
    "mocha": {
      "version": "7.2.0"
    },
    "mochawesome": {
      "options": {
        "quiet": false,
        "reportFilename": "mochawesome",
        "saveHtml": false,
        "saveJson": true,
        "consoleReporter": "spec",
        "useInlineDiffs": false,
        "code": true
      },
      "version": "7.1.4"
    },
    "marge": {
      "options": {
        "id": "default",
        "reportDir": "reports/mocha",
        "overwrite": false,
        "html": false,
        "json": true
      },
      "version": "6.3.0"
    }
  }
}