{
  "stats": {
    "suites": 1,
    "tests": 1,
    "passes": 1,
    "pending": 0,
    "failures": 0,
    "start": "2025-10-06T17:38:01.402Z",
    "end": "2025-10-06T17:38:06.490Z",
    "duration": 5088,
    "testsRegistered": 1,
    "passPercent": 100,
    "pendingPercent": 0,
    "other": 0,
    "hasOther": false,
    "skipped": 0,
    "hasSkipped": false
  },
  "results": [
    {
      "uuid": "3d71575c-dbcd-45ee-a225-3ab2fdd66411",
      "title": "",
      "fullFile": "cypress/e2e/home/smoke-home-page.cy.js",
      "file": "cypress/e2e/home/smoke-home-page.cy.js",
      "beforeHooks": [],
      "afterHooks": [],
      "tests": [],
      "suites": [
        {
          "uuid": "212c32b3-eb5c-490d-b1e4-e224dc38f441",
          "title": "Smoke tests on home page TheVoice",
          "fullFile": "",
          "file": "",
          "beforeHooks": [],
          "afterHooks": [],
          "tests": [
            {
              "title": "deve verificar os principais elementos",
              "fullTitle": "Smoke tests on home page TheVoice deve verificar os principais elementos",
              "timedOut": null,
              "duration": 1457,
              "state": "passed",
              "speed": "fast",
              "pass": true,
              "fail": false,
              "pending": false,
              "context": null,
              "code": "cy.get('[class=\"w-full flex-1 order-1 mobile-landscape:order-2 md:order-2 relative\"]').should('be.visible');\ncy.get('[class=\"border-b border-white/10 pb-6 last:border-0 last:pb-0\"').should('be.visible');",
              "err": {},
              "uuid": "11ccf13d-f1fc-48a1-a322-5b9f49c8cc4d",
              "parentUUID": "212c32b3-eb5c-490d-b1e4-e224dc38f441",
              "isHook": false,
              "skipped": false
            }
          ],
          "suites": [],
          "passes": [
            "11ccf13d-f1fc-48a1-a322-5b9f49c8cc4d"
          ],
          "failures": [],
          "pending": [],
          "skipped": [],
          "duration": 1457,
          "root": false,
          "rootEmpty": false,
          "_timeout": 2000
        }
      ],
      "passes": [],
      "failures": [],
      "pending": [],
      "skipped": [],
      "duration": 0,
      "root": true,
      "rootEmpty": true,
      "_timeout": 2000
    }
  ],
  "meta": {
    "mocha": {
      "version": "7.2.0"
    },
    "mochawesome": {
      "options": {
        "quiet": false,
        "reportFilename": "mochawesome",
        "saveHtml": false,
        "saveJson": true,
        "consoleReporter": "spec",
        "useInlineDiffs": false,
        "code": true
      },
      "version": "7.1.4"
    },
    "marge": {
      "options": {
        "id": "default",
        "reportDir": "reports/mocha",
        "overwrite": false,
        "html": false,
        "json": true
      },
      "version": "6.3.0"
    }
  }
}