{"stats":{"suites":5,"tests":5,"passes":0,"pending":0,"failures":5,"testsRegistered":5,"passPercent":0,"pendingPercent":0,"other":0,"hasOther":false,"skipped":0,"hasSkipped":false,"start":"2026-02-06T19:55:33.876Z","end":"2026-02-06T19:55:44.491Z","duration":10615},"results":[{"uuid":"e806aa58-7074-401f-8820-8aff53913c0d","title":"","fullFile":"cypress/e2e/home/live.cy.js","file":"cypress/e2e/home/live.cy.js","beforeHooks":[],"afterHooks":[],"tests":[{"title":"An uncaught error was detected outside of a test","fullTitle":"An uncaught error was detected outside of a test","timedOut":null,"duration":111,"state":"failed","speed":null,"pass":false,"fail":true,"pending":false,"context":null,"code":"throw err;","err":{"message":"CypressError: The following error originated from your test code, not from Cypress.\n\n  > `Cypress.env()` does not work when `allowCypressEnv` is set to `false`. Please migrate to `cy.env()` or leverage other stateful methods to manage variables. The variable being accessed was: `updateSnapshots`\n\nWhen Cypress detects uncaught errors originating from your test code it will automatically fail the current test.\n\nCypress could not associate this error to any specific test.\n\nWe dynamically generated a new test to display this failure.\n\nhttps://on.cypress.io/cypress-env-migration","estack":"CypressError: The following error originated from your test code, not from Cypress.\n\n  > `Cypress.env()` does not work when `allowCypressEnv` is set to `false`. Please migrate to `cy.env()` or leverage other stateful methods to manage variables. The variable being accessed was: `updateSnapshots`\n\nWhen Cypress detects uncaught errors originating from your test code it will automatically fail the current test.\n\nCypress could not associate this error to any specific test.\n\nWe dynamically generated a new test to display this failure.\n\nhttps://on.cypress.io/cypress-env-migration\n    at cypressErr (https://local.sbtlab.io:3000/__cypress/runner/cypress_runner.js:78300:18)\n    at Object.errByPath (https://local.sbtlab.io:3000/__cypress/runner/cypress_runner.js:78368:10)\n    at $Cypress.failCypressEnvWithWarning [as env] (https://local.sbtlab.io:3000/__cypress/runner/cypress_runner.js:41589:81)\n    at ./node_modules/@simonsmith/cypress-image-snapshot/dist/command.js (webpack://sbt-e2e-project/./node_modules/@simonsmith/cypress-image-snapshot/dist/command.js:11:0)\n    at __webpack_require__ (webpack://sbt-e2e-project/webpack/bootstrap:19:0)\n    at eval (webpack://sbt-e2e-project/./cypress/support/e2e.js:2:0)\n    at eval (https://local.sbtlab.io:3000/__cypress/tests?p=cypress/support/e2e.js:1870:3)\n    at eval (https://local.sbtlab.io:3000/__cypress/tests?p=cypress/support/e2e.js:1872:12)\n    at eval (<anonymous>)\n    at <unknown> (https://local.sbtlab.io:3000/__cypress/runner/cypress_runner.js:114035:23)\n    at tryCatcher (https://local.sbtlab.io:3000/__cypress/runner/cypress_runner.js:1777:23)\n    at Object.gotValue (https://local.sbtlab.io:3000/__cypress/runner/cypress_runner.js:6446:18)\n    at Object.gotAccum (https://local.sbtlab.io:3000/__cypress/runner/cypress_runner.js:6435:25)\n    at Object.tryCatcher (https://local.sbtlab.io:3000/__cypress/runner/cypress_runner.js:1777:23)\n    at Promise._settlePromiseFromHandler (https://local.sbtlab.io:3000/__cypress/runner/cypress_runner.js:1489:31)\n    at Promise._settlePromise (https://local.sbtlab.io:3000/__cypress/runner/cypress_runner.js:1546:18)\n    at Promise._settlePromiseCtx (https://local.sbtlab.io:3000/__cypress/runner/cypress_runner.js:1583:10)\n    at _drainQueueStep (https://local.sbtlab.io:3000/__cypress/runner/cypress_runner.js:2381:12)\n    at _drainQueue (https://local.sbtlab.io:3000/__cypress/runner/cypress_runner.js:2370:9)\n    at Async._drainQueues (https://local.sbtlab.io:3000/__cypress/runner/cypress_runner.js:2386:5)\n    at Async.drainQueues (https://local.sbtlab.io:3000/__cypress/runner/cypress_runner.js:2256:14)","diff":null},"uuid":"06b1ba36-98bd-404f-9be9-78e912b402f3","parentUUID":"e806aa58-7074-401f-8820-8aff53913c0d","isHook":false,"skipped":false}],"suites":[],"passes":[],"failures":["06b1ba36-98bd-404f-9be9-78e912b402f3"],"pending":[],"skipped":[],"duration":111,"root":true,"rootEmpty":false,"_timeout":2000},{"uuid":"39463a75-cf91-4133-8650-e04c6312faa6","title":"","fullFile":"cypress/e2e/home/smoke-home.cy.js","file":"cypress/e2e/home/smoke-home.cy.js","beforeHooks":[],"afterHooks":[],"tests":[{"title":"An uncaught error was detected outside of a test","fullTitle":"An uncaught error was detected outside of a test","timedOut":null,"duration":113,"state":"failed","speed":null,"pass":false,"fail":true,"pending":false,"context":null,"code":"throw err;","err":{"message":"CypressError: The following error originated from your test code, not from Cypress.\n\n  > `Cypress.env()` does not work when `allowCypressEnv` is set to `false`. Please migrate to `cy.env()` or leverage other stateful methods to manage variables. The variable being accessed was: `updateSnapshots`\n\nWhen Cypress detects uncaught errors originating from your test code it will automatically fail the current test.\n\nCypress could not associate this error to any specific test.\n\nWe dynamically generated a new test to display this failure.\n\nhttps://on.cypress.io/cypress-env-migration","estack":"CypressError: The following error originated from your test code, not from Cypress.\n\n  > `Cypress.env()` does not work when `allowCypressEnv` is set to `false`. Please migrate to `cy.env()` or leverage other stateful methods to manage variables. The variable being accessed was: `updateSnapshots`\n\nWhen Cypress detects uncaught errors originating from your test code it will automatically fail the current test.\n\nCypress could not associate this error to any specific test.\n\nWe dynamically generated a new test to display this failure.\n\nhttps://on.cypress.io/cypress-env-migration\n    at cypressErr (https://local.sbtlab.io:3000/__cypress/runner/cypress_runner.js:78300:18)\n    at Object.errByPath (https://local.sbtlab.io:3000/__cypress/runner/cypress_runner.js:78368:10)\n    at $Cypress.failCypressEnvWithWarning [as env] (https://local.sbtlab.io:3000/__cypress/runner/cypress_runner.js:41589:81)\n    at ./node_modules/@simonsmith/cypress-image-snapshot/dist/command.js (webpack://sbt-e2e-project/./node_modules/@simonsmith/cypress-image-snapshot/dist/command.js:11:0)\n    at __webpack_require__ (webpack://sbt-e2e-project/webpack/bootstrap:19:0)\n    at eval (webpack://sbt-e2e-project/./cypress/support/e2e.js:2:0)\n    at eval (https://local.sbtlab.io:3000/__cypress/tests?p=cypress/support/e2e.js:1870:3)\n    at eval (https://local.sbtlab.io:3000/__cypress/tests?p=cypress/support/e2e.js:1872:12)\n    at eval (<anonymous>)\n    at <unknown> (https://local.sbtlab.io:3000/__cypress/runner/cypress_runner.js:114035:23)\n    at tryCatcher (https://local.sbtlab.io:3000/__cypress/runner/cypress_runner.js:1777:23)\n    at Object.gotValue (https://local.sbtlab.io:3000/__cypress/runner/cypress_runner.js:6446:18)\n    at Object.gotAccum (https://local.sbtlab.io:3000/__cypress/runner/cypress_runner.js:6435:25)\n    at Object.tryCatcher (https://local.sbtlab.io:3000/__cypress/runner/cypress_runner.js:1777:23)\n    at Promise._settlePromiseFromHandler (https://local.sbtlab.io:3000/__cypress/runner/cypress_runner.js:1489:31)\n    at Promise._settlePromise (https://local.sbtlab.io:3000/__cypress/runner/cypress_runner.js:1546:18)\n    at Promise._settlePromiseCtx (https://local.sbtlab.io:3000/__cypress/runner/cypress_runner.js:1583:10)\n    at _drainQueueStep (https://local.sbtlab.io:3000/__cypress/runner/cypress_runner.js:2381:12)\n    at _drainQueue (https://local.sbtlab.io:3000/__cypress/runner/cypress_runner.js:2370:9)\n    at Async._drainQueues (https://local.sbtlab.io:3000/__cypress/runner/cypress_runner.js:2386:5)\n    at Async.drainQueues (https://local.sbtlab.io:3000/__cypress/runner/cypress_runner.js:2256:14)","diff":null},"uuid":"4c7e1e03-e1d2-4018-b4f2-30092aa01ef9","parentUUID":"39463a75-cf91-4133-8650-e04c6312faa6","isHook":false,"skipped":false}],"suites":[],"passes":[],"failures":["4c7e1e03-e1d2-4018-b4f2-30092aa01ef9"],"pending":[],"skipped":[],"duration":113,"root":true,"rootEmpty":false,"_timeout":2000},{"uuid":"dacf38af-612a-4a46-835f-7682d2d770d1","title":"","fullFile":"cypress/e2e/news/smoke-news-page.cy.js","file":"cypress/e2e/news/smoke-news-page.cy.js","beforeHooks":[],"afterHooks":[],"tests":[{"title":"An uncaught error was detected outside of a test","fullTitle":"An uncaught error was detected outside of a test","timedOut":null,"duration":113,"state":"failed","speed":null,"pass":false,"fail":true,"pending":false,"context":null,"code":"throw err;","err":{"message":"CypressError: The following error originated from your test code, not from Cypress.\n\n  > `Cypress.env()` does not work when `allowCypressEnv` is set to `false`. Please migrate to `cy.env()` or leverage other stateful methods to manage variables. The variable being accessed was: `updateSnapshots`\n\nWhen Cypress detects uncaught errors originating from your test code it will automatically fail the current test.\n\nCypress could not associate this error to any specific test.\n\nWe dynamically generated a new test to display this failure.\n\nhttps://on.cypress.io/cypress-env-migration","estack":"CypressError: The following error originated from your test code, not from Cypress.\n\n  > `Cypress.env()` does not work when `allowCypressEnv` is set to `false`. Please migrate to `cy.env()` or leverage other stateful methods to manage variables. The variable being accessed was: `updateSnapshots`\n\nWhen Cypress detects uncaught errors originating from your test code it will automatically fail the current test.\n\nCypress could not associate this error to any specific test.\n\nWe dynamically generated a new test to display this failure.\n\nhttps://on.cypress.io/cypress-env-migration\n    at cypressErr (https://local.sbtlab.io:3000/__cypress/runner/cypress_runner.js:78300:18)\n    at Object.errByPath (https://local.sbtlab.io:3000/__cypress/runner/cypress_runner.js:78368:10)\n    at $Cypress.failCypressEnvWithWarning [as env] (https://local.sbtlab.io:3000/__cypress/runner/cypress_runner.js:41589:81)\n    at ./node_modules/@simonsmith/cypress-image-snapshot/dist/command.js (webpack://sbt-e2e-project/./node_modules/@simonsmith/cypress-image-snapshot/dist/command.js:11:0)\n    at __webpack_require__ (webpack://sbt-e2e-project/webpack/bootstrap:19:0)\n    at eval (webpack://sbt-e2e-project/./cypress/support/e2e.js:2:0)\n    at eval (https://local.sbtlab.io:3000/__cypress/tests?p=cypress/support/e2e.js:1870:3)\n    at eval (https://local.sbtlab.io:3000/__cypress/tests?p=cypress/support/e2e.js:1872:12)\n    at eval (<anonymous>)\n    at <unknown> (https://local.sbtlab.io:3000/__cypress/runner/cypress_runner.js:114035:23)\n    at tryCatcher (https://local.sbtlab.io:3000/__cypress/runner/cypress_runner.js:1777:23)\n    at Object.gotValue (https://local.sbtlab.io:3000/__cypress/runner/cypress_runner.js:6446:18)\n    at Object.gotAccum (https://local.sbtlab.io:3000/__cypress/runner/cypress_runner.js:6435:25)\n    at Object.tryCatcher (https://local.sbtlab.io:3000/__cypress/runner/cypress_runner.js:1777:23)\n    at Promise._settlePromiseFromHandler (https://local.sbtlab.io:3000/__cypress/runner/cypress_runner.js:1489:31)\n    at Promise._settlePromise (https://local.sbtlab.io:3000/__cypress/runner/cypress_runner.js:1546:18)\n    at Promise._settlePromiseCtx (https://local.sbtlab.io:3000/__cypress/runner/cypress_runner.js:1583:10)\n    at _drainQueueStep (https://local.sbtlab.io:3000/__cypress/runner/cypress_runner.js:2381:12)\n    at _drainQueue (https://local.sbtlab.io:3000/__cypress/runner/cypress_runner.js:2370:9)\n    at Async._drainQueues (https://local.sbtlab.io:3000/__cypress/runner/cypress_runner.js:2386:5)\n    at Async.drainQueues (https://local.sbtlab.io:3000/__cypress/runner/cypress_runner.js:2256:14)","diff":null},"uuid":"8501dda7-42b2-4cb1-a0b5-6fedc6ef475d","parentUUID":"dacf38af-612a-4a46-835f-7682d2d770d1","isHook":false,"skipped":false}],"suites":[],"passes":[],"failures":["8501dda7-42b2-4cb1-a0b5-6fedc6ef475d"],"pending":[],"skipped":[],"duration":113,"root":true,"rootEmpty":false,"_timeout":2000},{"uuid":"4ec222e9-1a4d-40b6-a30d-c31d4a032df5","title":"","fullFile":"cypress/e2e/videos/smoke-videos-page.cy.js","file":"cypress/e2e/videos/smoke-videos-page.cy.js","beforeHooks":[],"afterHooks":[],"tests":[{"title":"An uncaught error was detected outside of a test","fullTitle":"An uncaught error was detected outside of a test","timedOut":null,"duration":114,"state":"failed","speed":null,"pass":false,"fail":true,"pending":false,"context":null,"code":"throw err;","err":{"message":"CypressError: The following error originated from your test code, not from Cypress.\n\n  > `Cypress.env()` does not work when `allowCypressEnv` is set to `false`. Please migrate to `cy.env()` or leverage other stateful methods to manage variables. The variable being accessed was: `updateSnapshots`\n\nWhen Cypress detects uncaught errors originating from your test code it will automatically fail the current test.\n\nCypress could not associate this error to any specific test.\n\nWe dynamically generated a new test to display this failure.\n\nhttps://on.cypress.io/cypress-env-migration","estack":"CypressError: The following error originated from your test code, not from Cypress.\n\n  > `Cypress.env()` does not work when `allowCypressEnv` is set to `false`. Please migrate to `cy.env()` or leverage other stateful methods to manage variables. The variable being accessed was: `updateSnapshots`\n\nWhen Cypress detects uncaught errors originating from your test code it will automatically fail the current test.\n\nCypress could not associate this error to any specific test.\n\nWe dynamically generated a new test to display this failure.\n\nhttps://on.cypress.io/cypress-env-migration\n    at cypressErr (https://local.sbtlab.io:3000/__cypress/runner/cypress_runner.js:78300:18)\n    at Object.errByPath (https://local.sbtlab.io:3000/__cypress/runner/cypress_runner.js:78368:10)\n    at $Cypress.failCypressEnvWithWarning [as env] (https://local.sbtlab.io:3000/__cypress/runner/cypress_runner.js:41589:81)\n    at ./node_modules/@simonsmith/cypress-image-snapshot/dist/command.js (webpack://sbt-e2e-project/./node_modules/@simonsmith/cypress-image-snapshot/dist/command.js:11:0)\n    at __webpack_require__ (webpack://sbt-e2e-project/webpack/bootstrap:19:0)\n    at eval (webpack://sbt-e2e-project/./cypress/support/e2e.js:2:0)\n    at eval (https://local.sbtlab.io:3000/__cypress/tests?p=cypress/support/e2e.js:1870:3)\n    at eval (https://local.sbtlab.io:3000/__cypress/tests?p=cypress/support/e2e.js:1872:12)\n    at eval (<anonymous>)\n    at <unknown> (https://local.sbtlab.io:3000/__cypress/runner/cypress_runner.js:114035:23)\n    at tryCatcher (https://local.sbtlab.io:3000/__cypress/runner/cypress_runner.js:1777:23)\n    at Object.gotValue (https://local.sbtlab.io:3000/__cypress/runner/cypress_runner.js:6446:18)\n    at Object.gotAccum (https://local.sbtlab.io:3000/__cypress/runner/cypress_runner.js:6435:25)\n    at Object.tryCatcher (https://local.sbtlab.io:3000/__cypress/runner/cypress_runner.js:1777:23)\n    at Promise._settlePromiseFromHandler (https://local.sbtlab.io:3000/__cypress/runner/cypress_runner.js:1489:31)\n    at Promise._settlePromise (https://local.sbtlab.io:3000/__cypress/runner/cypress_runner.js:1546:18)\n    at Promise._settlePromiseCtx (https://local.sbtlab.io:3000/__cypress/runner/cypress_runner.js:1583:10)\n    at _drainQueueStep (https://local.sbtlab.io:3000/__cypress/runner/cypress_runner.js:2381:12)\n    at _drainQueue (https://local.sbtlab.io:3000/__cypress/runner/cypress_runner.js:2370:9)\n    at Async._drainQueues (https://local.sbtlab.io:3000/__cypress/runner/cypress_runner.js:2386:5)\n    at Async.drainQueues (https://local.sbtlab.io:3000/__cypress/runner/cypress_runner.js:2256:14)","diff":null},"uuid":"6e381435-677e-43d8-a89c-bd09805a107a","parentUUID":"4ec222e9-1a4d-40b6-a30d-c31d4a032df5","isHook":false,"skipped":false}],"suites":[],"passes":[],"failures":["6e381435-677e-43d8-a89c-bd09805a107a"],"pending":[],"skipped":[],"duration":114,"root":true,"rootEmpty":false,"_timeout":2000},{"uuid":"8959dc3c-55d4-4785-9bf9-08afc7b4202b","title":"","fullFile":"cypress/e2e/api/api-tests.cy.js","file":"cypress/e2e/api/api-tests.cy.js","beforeHooks":[],"afterHooks":[],"tests":[{"title":"An uncaught error was detected outside of a test","fullTitle":"An uncaught error was detected outside of a test","timedOut":null,"duration":110,"state":"failed","speed":null,"pass":false,"fail":true,"pending":false,"context":null,"code":"throw err;","err":{"message":"CypressError: The following error originated from your test code, not from Cypress.\n\n  > `Cypress.env()` does not work when `allowCypressEnv` is set to `false`. Please migrate to `cy.env()` or leverage other stateful methods to manage variables. The variable being accessed was: `updateSnapshots`\n\nWhen Cypress detects uncaught errors originating from your test code it will automatically fail the current test.\n\nCypress could not associate this error to any specific test.\n\nWe dynamically generated a new test to display this failure.\n\nhttps://on.cypress.io/cypress-env-migration","estack":"CypressError: The following error originated from your test code, not from Cypress.\n\n  > `Cypress.env()` does not work when `allowCypressEnv` is set to `false`. Please migrate to `cy.env()` or leverage other stateful methods to manage variables. The variable being accessed was: `updateSnapshots`\n\nWhen Cypress detects uncaught errors originating from your test code it will automatically fail the current test.\n\nCypress could not associate this error to any specific test.\n\nWe dynamically generated a new test to display this failure.\n\nhttps://on.cypress.io/cypress-env-migration\n    at cypressErr (https://local.sbtlab.io:3000/__cypress/runner/cypress_runner.js:78300:18)\n    at Object.errByPath (https://local.sbtlab.io:3000/__cypress/runner/cypress_runner.js:78368:10)\n    at $Cypress.failCypressEnvWithWarning [as env] (https://local.sbtlab.io:3000/__cypress/runner/cypress_runner.js:41589:81)\n    at ./node_modules/@simonsmith/cypress-image-snapshot/dist/command.js (webpack://sbt-e2e-project/./node_modules/@simonsmith/cypress-image-snapshot/dist/command.js:11:0)\n    at __webpack_require__ (webpack://sbt-e2e-project/webpack/bootstrap:19:0)\n    at eval (webpack://sbt-e2e-project/./cypress/support/e2e.js:2:0)\n    at eval (https://local.sbtlab.io:3000/__cypress/tests?p=cypress/support/e2e.js:1870:3)\n    at eval (https://local.sbtlab.io:3000/__cypress/tests?p=cypress/support/e2e.js:1872:12)\n    at eval (<anonymous>)\n    at <unknown> (https://local.sbtlab.io:3000/__cypress/runner/cypress_runner.js:114035:23)\n    at tryCatcher (https://local.sbtlab.io:3000/__cypress/runner/cypress_runner.js:1777:23)\n    at Object.gotValue (https://local.sbtlab.io:3000/__cypress/runner/cypress_runner.js:6446:18)\n    at Object.gotAccum (https://local.sbtlab.io:3000/__cypress/runner/cypress_runner.js:6435:25)\n    at Object.tryCatcher (https://local.sbtlab.io:3000/__cypress/runner/cypress_runner.js:1777:23)\n    at Promise._settlePromiseFromHandler (https://local.sbtlab.io:3000/__cypress/runner/cypress_runner.js:1489:31)\n    at Promise._settlePromise (https://local.sbtlab.io:3000/__cypress/runner/cypress_runner.js:1546:18)\n    at Promise._settlePromiseCtx (https://local.sbtlab.io:3000/__cypress/runner/cypress_runner.js:1583:10)\n    at _drainQueueStep (https://local.sbtlab.io:3000/__cypress/runner/cypress_runner.js:2381:12)\n    at _drainQueue (https://local.sbtlab.io:3000/__cypress/runner/cypress_runner.js:2370:9)\n    at Async._drainQueues (https://local.sbtlab.io:3000/__cypress/runner/cypress_runner.js:2386:5)\n    at Async.drainQueues (https://local.sbtlab.io:3000/__cypress/runner/cypress_runner.js:2256:14)","diff":null},"uuid":"9c684993-f267-4eb9-a34b-3c383015f535","parentUUID":"8959dc3c-55d4-4785-9bf9-08afc7b4202b","isHook":false,"skipped":false}],"suites":[],"passes":[],"failures":["9c684993-f267-4eb9-a34b-3c383015f535"],"pending":[],"skipped":[],"duration":110,"root":true,"rootEmpty":false,"_timeout":2000}],"meta":{"mocha":{"version":"7.2.0"},"mochawesome":{"options":{"quiet":false,"reportFilename":"mochawesome","saveHtml":false,"saveJson":true,"consoleReporter":"spec","useInlineDiffs":false,"code":true},"version":"7.1.4"},"marge":{"options":{"id":"default","reportDir":"reports/mocha","overwrite":false,"html":false,"json":true},"version":"6.3.2"}}}