{"stats":{"suites":11,"tests":11,"passes":11,"pending":0,"failures":0,"testsRegistered":11,"passPercent":100,"pendingPercent":0,"other":0,"hasOther":false,"skipped":0,"hasSkipped":false,"start":"2025-10-06T17:08:37.312Z","end":"2025-10-06T17:38:21.877Z","duration":1784565},"results":[{"uuid":"ebaa3bf6-2b93-445d-9d8d-b09476e22024","title":"","fullFile":"cypress/e2e/exemplo_mobile.cy.js","file":"cypress/e2e/exemplo_mobile.cy.js","beforeHooks":[],"afterHooks":[],"tests":[],"suites":[{"uuid":"81bdb12d-932a-467e-8021-ea68bc97af54","title":"Exemplo Mobile - Menu e Conteúdo","fullFile":"","file":"","beforeHooks":[],"afterHooks":[],"tests":[{"title":"deve interagir com navegação e validar conteúdo","fullTitle":"Exemplo Mobile - Menu e Conteúdo deve interagir com navegação e validar conteúdo","timedOut":null,"duration":472,"state":"passed","speed":"fast","pass":true,"fail":false,"pending":false,"context":null,"code":"cy.contains('type').should('be.visible');","err":{},"uuid":"6c423f0c-f67f-480c-8552-eb8f516d687e","parentUUID":"81bdb12d-932a-467e-8021-ea68bc97af54","isHook":false,"skipped":false}],"suites":[],"passes":["6c423f0c-f67f-480c-8552-eb8f516d687e"],"failures":[],"pending":[],"skipped":[],"duration":472,"root":false,"rootEmpty":false,"_timeout":2000}],"passes":[],"failures":[],"pending":[],"skipped":[],"duration":0,"root":true,"rootEmpty":true,"_timeout":2000},{"uuid":"8e9fc560-4bd4-4159-8193-548ae11cfb22","title":"","fullFile":"cypress/e2e/home/smoke-home-page.cy.js","file":"cypress/e2e/home/smoke-home-page.cy.js","beforeHooks":[],"afterHooks":[],"tests":[],"suites":[{"uuid":"164d276a-9b18-43d0-9ede-373b31270c0c","title":"Smoke tests on home page TheVoice","fullFile":"","file":"","beforeHooks":[],"afterHooks":[],"tests":[{"title":"deve verificar os principais elementos","fullTitle":"Smoke tests on home page TheVoice deve verificar os principais elementos","timedOut":null,"duration":1483,"state":"passed","speed":"fast","pass":true,"fail":false,"pending":false,"context":null,"code":"cy.get('[class=\"w-full flex-1 order-1 mobile-landscape:order-2 md:order-2 relative\"]').should('be.visible');\ncy.get('[class=\"border-b border-white/10 pb-6 last:border-0 last:pb-0\"').should('be.visible');","err":{},"uuid":"c6fc966d-d55b-43b9-85cf-4d6d439b4607","parentUUID":"164d276a-9b18-43d0-9ede-373b31270c0c","isHook":false,"skipped":false}],"suites":[],"passes":["c6fc966d-d55b-43b9-85cf-4d6d439b4607"],"failures":[],"pending":[],"skipped":[],"duration":1483,"root":false,"rootEmpty":false,"_timeout":2000}],"passes":[],"failures":[],"pending":[],"skipped":[],"duration":0,"root":true,"rootEmpty":true,"_timeout":2000},{"uuid":"00485818-2f2c-48ce-886e-f775245984b7","title":"","fullFile":"cypress/e2e/news/smoke-news-page.cy.js","file":"cypress/e2e/news/smoke-news-page.cy.js","beforeHooks":[],"afterHooks":[],"tests":[],"suites":[{"uuid":"8231f946-57b2-4783-bb7c-ca1baf5e77dd","title":"Smoke tests on news page TheVoice","fullFile":"","file":"","beforeHooks":[],"afterHooks":[],"tests":[{"title":"deve verificar os principais elementos","fullTitle":"Smoke tests on news page TheVoice deve verificar os principais elementos","timedOut":null,"duration":1384,"state":"passed","speed":"fast","pass":true,"fail":false,"pending":false,"context":null,"code":"cy.get('[aria-label=\"Novidades\"]').should('be.visible');\n// cy.get('[class=\"border-b border-white/10 pb-6 last:border-0 last:pb-0').should('be.visible');","err":{},"uuid":"2ab94312-e349-42d4-809f-ef83afdda8b8","parentUUID":"8231f946-57b2-4783-bb7c-ca1baf5e77dd","isHook":false,"skipped":false}],"suites":[],"passes":["2ab94312-e349-42d4-809f-ef83afdda8b8"],"failures":[],"pending":[],"skipped":[],"duration":1384,"root":false,"rootEmpty":false,"_timeout":2000}],"passes":[],"failures":[],"pending":[],"skipped":[],"duration":0,"root":true,"rootEmpty":true,"_timeout":2000},{"uuid":"8cf5ca92-95c3-4e73-ba8c-463284268240","title":"","fullFile":"cypress/e2e/home/live.cy.js","file":"cypress/e2e/home/live.cy.js","beforeHooks":[],"afterHooks":[],"tests":[],"suites":[{"uuid":"a323a21d-0aba-483f-b941-be00de8a8c60","title":"Tests on home page TheVoice","fullFile":"","file":"","beforeHooks":[],"afterHooks":[],"tests":[{"title":"deve verificar os principais elementos","fullTitle":"Tests on home page TheVoice deve verificar os principais elementos","timedOut":null,"duration":1674,"state":"passed","speed":"fast","pass":true,"fail":false,"pending":false,"context":null,"code":"cy.get('[class=\"hidden md:flex px-4 py-2 rounded-full bg-white/10 text-gray-50 text-md items-center gap-2 hover:bg-white/15 transition-colors\"]').should('be.visible');","err":{},"uuid":"a584b9ea-8214-4735-a3b2-b87045f535c1","parentUUID":"a323a21d-0aba-483f-b941-be00de8a8c60","isHook":false,"skipped":false}],"suites":[],"passes":["a584b9ea-8214-4735-a3b2-b87045f535c1"],"failures":[],"pending":[],"skipped":[],"duration":1674,"root":false,"rootEmpty":false,"_timeout":2000}],"passes":[],"failures":[],"pending":[],"skipped":[],"duration":0,"root":true,"rootEmpty":true,"_timeout":2000},{"uuid":"3d71575c-dbcd-45ee-a225-3ab2fdd66411","title":"","fullFile":"cypress/e2e/home/smoke-home-page.cy.js","file":"cypress/e2e/home/smoke-home-page.cy.js","beforeHooks":[],"afterHooks":[],"tests":[],"suites":[{"uuid":"212c32b3-eb5c-490d-b1e4-e224dc38f441","title":"Smoke tests on home page TheVoice","fullFile":"","file":"","beforeHooks":[],"afterHooks":[],"tests":[{"title":"deve verificar os principais elementos","fullTitle":"Smoke tests on home page TheVoice deve verificar os principais elementos","timedOut":null,"duration":1457,"state":"passed","speed":"fast","pass":true,"fail":false,"pending":false,"context":null,"code":"cy.get('[class=\"w-full flex-1 order-1 mobile-landscape:order-2 md:order-2 relative\"]').should('be.visible');\ncy.get('[class=\"border-b border-white/10 pb-6 last:border-0 last:pb-0\"').should('be.visible');","err":{},"uuid":"11ccf13d-f1fc-48a1-a322-5b9f49c8cc4d","parentUUID":"212c32b3-eb5c-490d-b1e4-e224dc38f441","isHook":false,"skipped":false}],"suites":[],"passes":["11ccf13d-f1fc-48a1-a322-5b9f49c8cc4d"],"failures":[],"pending":[],"skipped":[],"duration":1457,"root":false,"rootEmpty":false,"_timeout":2000}],"passes":[],"failures":[],"pending":[],"skipped":[],"duration":0,"root":true,"rootEmpty":true,"_timeout":2000},{"uuid":"2d5a0aa0-1fef-4dee-b505-f370e939a063","title":"","fullFile":"cypress/e2e/news/smoke-news-page.cy.js","file":"cypress/e2e/news/smoke-news-page.cy.js","beforeHooks":[],"afterHooks":[],"tests":[],"suites":[{"uuid":"f3291894-51cd-4715-b8e1-fd3e407011df","title":"Smoke tests on news page TheVoice","fullFile":"","file":"","beforeHooks":[],"afterHooks":[],"tests":[{"title":"deve verificar os principais elementos","fullTitle":"Smoke tests on news page TheVoice deve verificar os principais elementos","timedOut":null,"duration":1407,"state":"passed","speed":"fast","pass":true,"fail":false,"pending":false,"context":null,"code":"cy.get('[aria-label=\"Novidades\"]').should('be.visible');\n// cy.get('[class=\"border-b border-white/10 pb-6 last:border-0 last:pb-0').should('be.visible');","err":{},"uuid":"0f630587-fec9-4274-84b4-9f46581566be","parentUUID":"f3291894-51cd-4715-b8e1-fd3e407011df","isHook":false,"skipped":false}],"suites":[],"passes":["0f630587-fec9-4274-84b4-9f46581566be"],"failures":[],"pending":[],"skipped":[],"duration":1407,"root":false,"rootEmpty":false,"_timeout":2000}],"passes":[],"failures":[],"pending":[],"skipped":[],"duration":0,"root":true,"rootEmpty":true,"_timeout":2000},{"uuid":"1ed91a86-56ab-4a72-8d94-5cd1fb400aba","title":"","fullFile":"cypress/e2e/technicians/smoke-test-tech-page.cy.js","file":"cypress/e2e/technicians/smoke-test-tech-page.cy.js","beforeHooks":[],"afterHooks":[],"tests":[],"suites":[{"uuid":"93d1c321-15c3-4c3d-bf3f-136e1594a55c","title":"Smoke tests on technicians page TheVoice","fullFile":"","file":"","beforeHooks":[],"afterHooks":[],"tests":[{"title":"deve verificar os principais elementos","fullTitle":"Smoke tests on technicians page TheVoice deve verificar os principais elementos","timedOut":null,"duration":1090,"state":"passed","speed":"fast","pass":true,"fail":false,"pending":false,"context":null,"code":"cy.get('[class=\"grid grid-cols-1 sm:landscape:grid-cols-2 gap-8 md:gap-16 md:p-4 xl:p-0\"]').should('be.visible');\ncy.get('[class=\"flex flex-col gap-2 rounded-lg shadow-lg\"]').should('have.length', 4);","err":{},"uuid":"b6cf474f-64b0-4780-99fe-367aece1d0b0","parentUUID":"93d1c321-15c3-4c3d-bf3f-136e1594a55c","isHook":false,"skipped":false}],"suites":[],"passes":["b6cf474f-64b0-4780-99fe-367aece1d0b0"],"failures":[],"pending":[],"skipped":[],"duration":1090,"root":false,"rootEmpty":false,"_timeout":2000}],"passes":[],"failures":[],"pending":[],"skipped":[],"duration":0,"root":true,"rootEmpty":true,"_timeout":2000},{"uuid":"ebaa3bf6-2b93-445d-9d8d-b09476e22024","title":"","fullFile":"cypress/e2e/exemplo_mobile.cy.js","file":"cypress/e2e/exemplo_mobile.cy.js","beforeHooks":[],"afterHooks":[],"tests":[],"suites":[{"uuid":"81bdb12d-932a-467e-8021-ea68bc97af54","title":"Exemplo Mobile - Menu e Conteúdo","fullFile":"","file":"","beforeHooks":[],"afterHooks":[],"tests":[{"title":"deve interagir com navegação e validar conteúdo","fullTitle":"Exemplo Mobile - Menu e Conteúdo deve interagir com navegação e validar conteúdo","timedOut":null,"duration":472,"state":"passed","speed":"fast","pass":true,"fail":false,"pending":false,"context":null,"code":"cy.contains('type').should('be.visible');","err":{},"uuid":"6c423f0c-f67f-480c-8552-eb8f516d687e","parentUUID":"81bdb12d-932a-467e-8021-ea68bc97af54","isHook":false,"skipped":false}],"suites":[],"passes":["6c423f0c-f67f-480c-8552-eb8f516d687e"],"failures":[],"pending":[],"skipped":[],"duration":472,"root":false,"rootEmpty":false,"_timeout":2000}],"passes":[],"failures":[],"pending":[],"skipped":[],"duration":0,"root":true,"rootEmpty":true,"_timeout":2000},{"uuid":"8e9fc560-4bd4-4159-8193-548ae11cfb22","title":"","fullFile":"cypress/e2e/home/smoke-home-page.cy.js","file":"cypress/e2e/home/smoke-home-page.cy.js","beforeHooks":[],"afterHooks":[],"tests":[],"suites":[{"uuid":"164d276a-9b18-43d0-9ede-373b31270c0c","title":"Smoke tests on home page TheVoice","fullFile":"","file":"","beforeHooks":[],"afterHooks":[],"tests":[{"title":"deve verificar os principais elementos","fullTitle":"Smoke tests on home page TheVoice deve verificar os principais elementos","timedOut":null,"duration":1483,"state":"passed","speed":"fast","pass":true,"fail":false,"pending":false,"context":null,"code":"cy.get('[class=\"w-full flex-1 order-1 mobile-landscape:order-2 md:order-2 relative\"]').should('be.visible');\ncy.get('[class=\"border-b border-white/10 pb-6 last:border-0 last:pb-0\"').should('be.visible');","err":{},"uuid":"c6fc966d-d55b-43b9-85cf-4d6d439b4607","parentUUID":"164d276a-9b18-43d0-9ede-373b31270c0c","isHook":false,"skipped":false}],"suites":[],"passes":["c6fc966d-d55b-43b9-85cf-4d6d439b4607"],"failures":[],"pending":[],"skipped":[],"duration":1483,"root":false,"rootEmpty":false,"_timeout":2000}],"passes":[],"failures":[],"pending":[],"skipped":[],"duration":0,"root":true,"rootEmpty":true,"_timeout":2000},{"uuid":"00485818-2f2c-48ce-886e-f775245984b7","title":"","fullFile":"cypress/e2e/news/smoke-news-page.cy.js","file":"cypress/e2e/news/smoke-news-page.cy.js","beforeHooks":[],"afterHooks":[],"tests":[],"suites":[{"uuid":"8231f946-57b2-4783-bb7c-ca1baf5e77dd","title":"Smoke tests on news page TheVoice","fullFile":"","file":"","beforeHooks":[],"afterHooks":[],"tests":[{"title":"deve verificar os principais elementos","fullTitle":"Smoke tests on news page TheVoice deve verificar os principais elementos","timedOut":null,"duration":1384,"state":"passed","speed":"fast","pass":true,"fail":false,"pending":false,"context":null,"code":"cy.get('[aria-label=\"Novidades\"]').should('be.visible');\n// cy.get('[class=\"border-b border-white/10 pb-6 last:border-0 last:pb-0').should('be.visible');","err":{},"uuid":"2ab94312-e349-42d4-809f-ef83afdda8b8","parentUUID":"8231f946-57b2-4783-bb7c-ca1baf5e77dd","isHook":false,"skipped":false}],"suites":[],"passes":["2ab94312-e349-42d4-809f-ef83afdda8b8"],"failures":[],"pending":[],"skipped":[],"duration":1384,"root":false,"rootEmpty":false,"_timeout":2000}],"passes":[],"failures":[],"pending":[],"skipped":[],"duration":0,"root":true,"rootEmpty":true,"_timeout":2000},{"uuid":"281c1bae-beb1-413c-b2e3-69de0e8d1c18","title":"","fullFile":"cypress/e2e/exemplo_desktop.cy.js","file":"cypress/e2e/exemplo_desktop.cy.js","beforeHooks":[],"afterHooks":[],"tests":[],"suites":[{"uuid":"bb3d8ea3-811e-4099-bf6d-1a692ec6d7d9","title":"Exemplo Desktop - Formulário","fullFile":"","file":"","beforeHooks":[],"afterHooks":[],"tests":[{"title":"deve navegar e validar elementos chave","fullTitle":"Exemplo Desktop - Formulário deve navegar e validar elementos chave","timedOut":null,"duration":1348,"state":"passed","speed":"fast","pass":true,"fail":false,"pending":false,"context":null,"code":"cy.contains('type').click();\ncy.url().should('include', '/commands/actions');\ncy.get('.action-email').type('qa@example.com');\ncy.get('.action-email').should('have.value', 'qa@example.com');","err":{},"uuid":"8dba949e-2c42-4c79-a681-f0b3af1b0283","parentUUID":"bb3d8ea3-811e-4099-bf6d-1a692ec6d7d9","isHook":false,"skipped":false}],"suites":[],"passes":["8dba949e-2c42-4c79-a681-f0b3af1b0283"],"failures":[],"pending":[],"skipped":[],"duration":1348,"root":false,"rootEmpty":false,"_timeout":2000}],"passes":[],"failures":[],"pending":[],"skipped":[],"duration":0,"root":true,"rootEmpty":true,"_timeout":2000}],"meta":{"mocha":{"version":"7.2.0"},"mochawesome":{"options":{"quiet":false,"reportFilename":"mochawesome","saveHtml":false,"saveJson":true,"consoleReporter":"spec","useInlineDiffs":false,"code":true},"version":"7.1.4"},"marge":{"options":{"id":"default","reportDir":"reports/mocha","overwrite":false,"html":false,"json":true},"version":"6.3.0"}}}