{
  "stats": {
    "suites": 1,
    "tests": 1,
    "passes": 1,
    "pending": 0,
    "failures": 0,
    "start": "2025-10-06T17:37:49.163Z",
    "end": "2025-10-06T17:37:54.342Z",
    "duration": 5179,
    "testsRegistered": 1,
    "passPercent": 100,
    "pendingPercent": 0,
    "other": 0,
    "hasOther": false,
    "skipped": 0,
    "hasSkipped": false
  },
  "results": [
    {
      "uuid": "8cf5ca92-95c3-4e73-ba8c-463284268240",
      "title": "",
      "fullFile": "cypress/e2e/home/live.cy.js",
      "file": "cypress/e2e/home/live.cy.js",
      "beforeHooks": [],
      "afterHooks": [],
      "tests": [],
      "suites": [
        {
          "uuid": "a323a21d-0aba-483f-b941-be00de8a8c60",
          "title": "Tests on home page TheVoice",
          "fullFile": "",
          "file": "",
          "beforeHooks": [],
          "afterHooks": [],
          "tests": [
            {
              "title": "deve verificar os principais elementos",
              "fullTitle": "Tests on home page TheVoice deve verificar os principais elementos",
              "timedOut": null,
              "duration": 1674,
              "state": "passed",
              "speed": "fast",
              "pass": true,
              "fail": false,
              "pending": false,
              "context": null,
              "code": "cy.get('[class=\"hidden md:flex px-4 py-2 rounded-full bg-white/10 text-gray-50 text-md items-center gap-2 hover:bg-white/15 transition-colors\"]').should('be.visible');",
              "err": {},
              "uuid": "a584b9ea-8214-4735-a3b2-b87045f535c1",
              "parentUUID": "a323a21d-0aba-483f-b941-be00de8a8c60",
              "isHook": false,
              "skipped": false
            }
          ],
          "suites": [],
          "passes": [
            "a584b9ea-8214-4735-a3b2-b87045f535c1"
          ],
          "failures": [],
          "pending": [],
          "skipped": [],
          "duration": 1674,
          "root": false,
          "rootEmpty": false,
          "_timeout": 2000
        }
      ],
      "passes": [],
      "failures": [],
      "pending": [],
      "skipped": [],
      "duration": 0,
      "root": true,
      "rootEmpty": true,
      "_timeout": 2000
    }
  ],
  "meta": {
    "mocha": {
      "version": "7.2.0"
    },
    "mochawesome": {
      "options": {
        "quiet": false,
        "reportFilename": "mochawesome",
        "saveHtml": false,
        "saveJson": true,
        "consoleReporter": "spec",
        "useInlineDiffs": false,
        "code": true
      },
      "version": "7.1.4"
    },
    "marge": {
      "options": {
        "id": "default",
        "reportDir": "reports/mocha",
        "overwrite": false,
        "html": false,
        "json": true
      },
      "version": "6.3.0"
    }
  }
}