{
  "stats": {
    "suites": 1,
    "tests": 1,
    "passes": 1,
    "pending": 0,
    "failures": 0,
    "start": "2025-10-06T17:08:41.892Z",
    "end": "2025-10-06T17:08:42.412Z",
    "duration": 520,
    "testsRegistered": 1,
    "passPercent": 100,
    "pendingPercent": 0,
    "other": 0,
    "hasOther": false,
    "skipped": 0,
    "hasSkipped": false
  },
  "results": [
    {
      "uuid": "ebaa3bf6-2b93-445d-9d8d-b09476e22024",
      "title": "",
      "fullFile": "cypress/e2e/exemplo_mobile.cy.js",
      "file": "cypress/e2e/exemplo_mobile.cy.js",
      "beforeHooks": [],
      "afterHooks": [],
      "tests": [],
      "suites": [
        {
          "uuid": "81bdb12d-932a-467e-8021-ea68bc97af54",
          "title": "Exemplo Mobile - Menu e Conteúdo",
          "fullFile": "",
          "file": "",
          "beforeHooks": [],
          "afterHooks": [],
          "tests": [
            {
              "title": "deve interagir com navegação e validar conteúdo",
              "fullTitle": "Exemplo Mobile - Menu e Conteúdo deve interagir com navegação e validar conteúdo",
              "timedOut": null,
              "duration": 472,
              "state": "passed",
              "speed": "fast",
              "pass": true,
              "fail": false,
              "pending": false,
              "context": null,
              "code": "cy.contains('type').should('be.visible');",
              "err": {},
              "uuid": "6c423f0c-f67f-480c-8552-eb8f516d687e",
              "parentUUID": "81bdb12d-932a-467e-8021-ea68bc97af54",
              "isHook": false,
              "skipped": false
            }
          ],
          "suites": [],
          "passes": [
            "6c423f0c-f67f-480c-8552-eb8f516d687e"
          ],
          "failures": [],
          "pending": [],
          "skipped": [],
          "duration": 472,
          "root": false,
          "rootEmpty": false,
          "_timeout": 2000
        }
      ],
      "passes": [],
      "failures": [],
      "pending": [],
      "skipped": [],
      "duration": 0,
      "root": true,
      "rootEmpty": true,
      "_timeout": 2000
    }
  ],
  "meta": {
    "mocha": {
      "version": "7.2.0"
    },
    "mochawesome": {
      "options": {
        "quiet": false,
        "reportFilename": "mochawesome",
        "saveHtml": false,
        "saveJson": true,
        "consoleReporter": "spec",
        "useInlineDiffs": false,
        "code": true
      },
      "version": "7.1.4"
    },
    "marge": {
      "options": {
        "id": "default",
        "reportDir": "reports/mocha",
        "overwrite": false,
        "html": false,
        "json": true
      },
      "version": "6.3.0"
    }
  }
}